<?xml version="1.0" encoding="UTF-8"?>
<!-- Generated by org.testng.reporters.JUnitReportReporter -->
<testsuite hostname="DESKTOP-77NPTI0" name="multiBrowserTest.MultiBrowserTestNG" tests="1" failures="0" timestamp="21 May 2019 18:05:17 GMT" time="7.181" errors="0">
  <testcase name="googleSearch" time="7.181" classname="multiBrowserTest.MultiBrowserTestNG"/>
</testsuite> <!-- multiBrowserTest.MultiBrowserTestNG -->
