<?xml version="1.0" encoding="UTF-8"?>
<!-- Generated by org.testng.reporters.JUnitReportReporter -->
<testsuite hostname="DESKTOP-77NPTI0" name="GoogleTest.GoogleVerify" tests="1" failures="0" timestamp="19 May 2019 23:52:43 GMT" time="19.101" errors="0">
  <testcase name="googleTestNG" time="19.101" classname="GoogleTest.GoogleVerify"/>
</testsuite> <!-- GoogleTest.GoogleVerify -->
